<?xml version="1.0" encoding="UTF-8"?>
<testsuite xmlns:xsi="http://www.w3.org/2001/XMLSchema-instance" xsi:noNamespaceSchemaLocation="https://maven.apache.org/surefire/maven-surefire-plugin/xsd/surefire-test-report-3.0.xsd" version="3.0" name="TestSuite" time="379.004" tests="29" errors="0" skipped="0" failures="0">
  <properties>
[...]
</properties>
  <testcase name="runScenario[&quot;To check the Displense Now button availability and the functionality&quot;, &quot;Optional[Checking working class heroes tax relief]&quot;](1)" classname="cucumberOptions.TestNGTestRunner" time="19.211">
    <system-err><![CDATA[SLF4J: Failed to load class "org.slf4j.impl.StaticLoggerBinder".
SLF4J: Defaulting to no-operation (NOP) logger implementation
SLF4J: See http://www.slf4j.org/codes.html#StaticLoggerBinder for further details.
Starting ChromeDriver 96.0.4664.45 (76e4c1bb2ab4671b8beba3444e61c0f17584b2fc-refs/branch-heads/4664@{#947}) on port 53117
Only local connections are allowed.
Please see https://chromedriver.chromium.org/security-considerations for suggestions on keeping ChromeDriver safe.
ChromeDriver was started successfully.
Feb 22, 2022 4:52:38 PM org.openqa.selenium.remote.ProtocolHandshake createSession
INFO: Detected dialect: W3C
Feb 22, 2022 4:52:38 PM org.openqa.selenium.devtools.CdpVersionFinder findNearestMatch
INFO: Found exact CDP implementation for version 96
]]></system-err>
  </testcase>
  <testcase name="runScenario[&quot;To check the CSV fileupload function with a valid data and validate the records are added&quot;, &quot;Optional[Checking working class heroes tax relief]&quot;](2)" classname="cucumberOptions.TestNGTestRunner" time="16.424">
    <system-err><![CDATA[Starting ChromeDriver 96.0.4664.45 (76e4c1bb2ab4671b8beba3444e61c0f17584b2fc-refs/branch-heads/4664@{#947}) on port 54728
Only local connections are allowed.
Please see https://chromedriver.chromium.org/security-considerations for suggestions on keeping ChromeDriver safe.
ChromeDriver was started successfully.
Feb 22, 2022 4:52:53 PM org.openqa.selenium.remote.ProtocolHandshake createSession
INFO: Detected dialect: W3C
Feb 22, 2022 4:52:53 PM org.openqa.selenium.devtools.CdpVersionFinder findNearestMatch
INFO: Found exact CDP implementation for version 96
]]></system-err>
  </testcase>
  <testcase name="runScenario[&quot;To check the CSV fileupload function with an invalid data and validate the record is added&quot;, &quot;Optional[Checking working class heroes tax relief]&quot;](3)" classname="cucumberOptions.TestNGTestRunner" time="19.198">
    <system-err><![CDATA[Starting ChromeDriver 96.0.4664.45 (76e4c1bb2ab4671b8beba3444e61c0f17584b2fc-refs/branch-heads/4664@{#947}) on port 51124
Only local connections are allowed.
Please see https://chromedriver.chromium.org/security-considerations for suggestions on keeping ChromeDriver safe.
ChromeDriver was started successfully.
Feb 22, 2022 4:53:12 PM org.openqa.selenium.remote.ProtocolHandshake createSession
INFO: Detected dialect: W3C
Feb 22, 2022 4:53:12 PM org.openqa.selenium.devtools.CdpVersionFinder findNearestMatch
INFO: Found exact CDP implementation for version 96
]]></system-err>
  </testcase>
  <testcase name="runScenario[&quot;To check the natid field is masked from the 5th character onwards&quot;, &quot;Optional[Checking working class heroes tax relief]&quot;](4)" classname="cucumberOptions.TestNGTestRunner" time="21.248">
    <system-err><![CDATA[Starting ChromeDriver 96.0.4664.45 (76e4c1bb2ab4671b8beba3444e61c0f17584b2fc-refs/branch-heads/4664@{#947}) on port 58680
Only local connections are allowed.
Please see https://chromedriver.chromium.org/security-considerations for suggestions on keeping ChromeDriver safe.
ChromeDriver was started successfully.
Feb 22, 2022 4:53:30 PM org.openqa.selenium.remote.ProtocolHandshake createSession
INFO: Detected dialect: W3C
Feb 22, 2022 4:53:31 PM org.openqa.selenium.devtools.CdpVersionFinder findNearestMatch
INFO: Found exact CDP implementation for version 96
]]></system-err>
  </testcase>
  <testcase name="runScenario[&quot;To chek the taxrelief amount verification for the records&quot;, &quot;Optional[Checking working class heroes tax relief]&quot;](5)" classname="cucumberOptions.TestNGTestRunner" time="12.099">
    <system-out><![CDATA[123111
TaxReliefFromGUI from method7000.00
]]></system-out>
    <system-err><![CDATA[Starting ChromeDriver 96.0.4664.45 (76e4c1bb2ab4671b8beba3444e61c0f17584b2fc-refs/branch-heads/4664@{#947}) on port 49689
Only local connections are allowed.
Please see https://chromedriver.chromium.org/security-considerations for suggestions on keeping ChromeDriver safe.
ChromeDriver was started successfully.
Feb 22, 2022 4:53:52 PM org.openqa.selenium.remote.ProtocolHandshake createSession
INFO: Detected dialect: W3C
Feb 22, 2022 4:53:52 PM org.openqa.selenium.devtools.CdpVersionFinder findNearestMatch
INFO: Found exact CDP implementation for version 96
]]></system-err>
  </testcase>
  <testcase name="runScenario[&quot;To chek the taxrelief amount verification for the records&quot;, &quot;Optional[Checking working class heroes tax relief]&quot;](6)" classname="cucumberOptions.TestNGTestRunner" time="10.18">
    <system-out><![CDATA[124111
TaxReliefFromGUI from method7000.00
]]></system-out>
    <system-err><![CDATA[Starting ChromeDriver 96.0.4664.45 (76e4c1bb2ab4671b8beba3444e61c0f17584b2fc-refs/branch-heads/4664@{#947}) on port 63147
Only local connections are allowed.
Please see https://chromedriver.chromium.org/security-considerations for suggestions on keeping ChromeDriver safe.
ChromeDriver was started successfully.
Feb 22, 2022 4:54:03 PM org.openqa.selenium.remote.ProtocolHandshake createSession
INFO: Detected dialect: W3C
Feb 22, 2022 4:54:03 PM org.openqa.selenium.devtools.CdpVersionFinder findNearestMatch
INFO: Found exact CDP implementation for version 96
]]></system-err>
  </testcase>
  <testcase name="runScenario[&quot;To chek the taxrelief amount verification for the records&quot;, &quot;Optional[Checking working class heroes tax relief]&quot;](7)" classname="cucumberOptions.TestNGTestRunner" time="13.462">
    <system-out><![CDATA[125111
TaxReliefFromGUI from method5600.00
]]></system-out>
    <system-err><![CDATA[Starting ChromeDriver 96.0.4664.45 (76e4c1bb2ab4671b8beba3444e61c0f17584b2fc-refs/branch-heads/4664@{#947}) on port 51826
Only local connections are allowed.
Please see https://chromedriver.chromium.org/security-considerations for suggestions on keeping ChromeDriver safe.
ChromeDriver was started successfully.
Feb 22, 2022 4:54:13 PM org.openqa.selenium.remote.ProtocolHandshake createSession
INFO: Detected dialect: W3C
Feb 22, 2022 4:54:13 PM org.openqa.selenium.devtools.CdpVersionFinder findNearestMatch
INFO: Found exact CDP implementation for version 96
]]></system-err>
  </testcase>
  <testcase name="runScenario[&quot;To chek the taxrelief amount verification for the records&quot;, &quot;Optional[Checking working class heroes tax relief]&quot;](8)" classname="cucumberOptions.TestNGTestRunner" time="12.262">
    <system-out><![CDATA[126111
TaxReliefFromGUI from method5600.00
]]></system-out>
    <system-err><![CDATA[Starting ChromeDriver 96.0.4664.45 (76e4c1bb2ab4671b8beba3444e61c0f17584b2fc-refs/branch-heads/4664@{#947}) on port 50126
Only local connections are allowed.
Please see https://chromedriver.chromium.org/security-considerations for suggestions on keeping ChromeDriver safe.
ChromeDriver was started successfully.
Feb 22, 2022 4:54:27 PM org.openqa.selenium.remote.ProtocolHandshake createSession
INFO: Detected dialect: W3C
Feb 22, 2022 4:54:27 PM org.openqa.selenium.devtools.CdpVersionFinder findNearestMatch
INFO: Found exact CDP implementation for version 96
]]></system-err>
  </testcase>
  <testcase name="runScenario[&quot;To chek the taxrelief amount verification for the records&quot;, &quot;Optional[Checking working class heroes tax relief]&quot;](9)" classname="cucumberOptions.TestNGTestRunner" time="11.62">
    <system-out><![CDATA[127111
TaxReliefFromGUI from method5600.00
]]></system-out>
    <system-err><![CDATA[Starting ChromeDriver 96.0.4664.45 (76e4c1bb2ab4671b8beba3444e61c0f17584b2fc-refs/branch-heads/4664@{#947}) on port 53237
Only local connections are allowed.
Please see https://chromedriver.chromium.org/security-considerations for suggestions on keeping ChromeDriver safe.
ChromeDriver was started successfully.
Feb 22, 2022 4:54:39 PM org.openqa.selenium.remote.ProtocolHandshake createSession
INFO: Detected dialect: W3C
Feb 22, 2022 4:54:39 PM org.openqa.selenium.devtools.CdpVersionFinder findNearestMatch
INFO: Found exact CDP implementation for version 96
]]></system-err>
  </testcase>
  <testcase name="runScenario[&quot;To chek the taxrelief amount verification for the records&quot;, &quot;Optional[Checking working class heroes tax relief]&quot;](10)" classname="cucumberOptions.TestNGTestRunner" time="10.759">
    <system-out><![CDATA[128111
TaxReliefFromGUI from method3500.00
]]></system-out>
    <system-err><![CDATA[Starting ChromeDriver 96.0.4664.45 (76e4c1bb2ab4671b8beba3444e61c0f17584b2fc-refs/branch-heads/4664@{#947}) on port 58242
Only local connections are allowed.
Please see https://chromedriver.chromium.org/security-considerations for suggestions on keeping ChromeDriver safe.
ChromeDriver was started successfully.
Feb 22, 2022 4:54:51 PM org.openqa.selenium.remote.ProtocolHandshake createSession
INFO: Detected dialect: W3C
Feb 22, 2022 4:54:51 PM org.openqa.selenium.devtools.CdpVersionFinder findNearestMatch
INFO: Found exact CDP implementation for version 96
]]></system-err>
  </testcase>
  <testcase name="runScenario[&quot;To chek the taxrelief amount verification for the records&quot;, &quot;Optional[Checking working class heroes tax relief]&quot;](11)" classname="cucumberOptions.TestNGTestRunner" time="14.728">
    <system-out><![CDATA[129111
TaxReliefFromGUI from method3500.00
]]></system-out>
    <system-err><![CDATA[Starting ChromeDriver 96.0.4664.45 (76e4c1bb2ab4671b8beba3444e61c0f17584b2fc-refs/branch-heads/4664@{#947}) on port 49459
Only local connections are allowed.
Please see https://chromedriver.chromium.org/security-considerations for suggestions on keeping ChromeDriver safe.
ChromeDriver was started successfully.
Feb 22, 2022 4:55:02 PM org.openqa.selenium.remote.ProtocolHandshake createSession
INFO: Detected dialect: W3C
Feb 22, 2022 4:55:02 PM org.openqa.selenium.devtools.CdpVersionFinder findNearestMatch
INFO: Found exact CDP implementation for version 96
]]></system-err>
  </testcase>
  <testcase name="runScenario[&quot;To chek the taxrelief amount verification for the records&quot;, &quot;Optional[Checking working class heroes tax relief]&quot;](12)" classname="cucumberOptions.TestNGTestRunner" time="11.419">
    <system-out><![CDATA[130111
TaxReliefFromGUI from method3500.00
]]></system-out>
    <system-err><![CDATA[Starting ChromeDriver 96.0.4664.45 (76e4c1bb2ab4671b8beba3444e61c0f17584b2fc-refs/branch-heads/4664@{#947}) on port 63683
Only local connections are allowed.
Please see https://chromedriver.chromium.org/security-considerations for suggestions on keeping ChromeDriver safe.
ChromeDriver was started successfully.
Feb 22, 2022 4:55:17 PM org.openqa.selenium.remote.ProtocolHandshake createSession
INFO: Detected dialect: W3C
Feb 22, 2022 4:55:17 PM org.openqa.selenium.devtools.CdpVersionFinder findNearestMatch
INFO: Found exact CDP implementation for version 96
]]></system-err>
  </testcase>
  <testcase name="runScenario[&quot;To chek the taxrelief amount verification for the records&quot;, &quot;Optional[Checking working class heroes tax relief]&quot;](13)" classname="cucumberOptions.TestNGTestRunner" time="11.782">
    <system-out><![CDATA[131111
TaxReliefFromGUI from method2569.00
]]></system-out>
    <system-err><![CDATA[Starting ChromeDriver 96.0.4664.45 (76e4c1bb2ab4671b8beba3444e61c0f17584b2fc-refs/branch-heads/4664@{#947}) on port 54256
Only local connections are allowed.
Please see https://chromedriver.chromium.org/security-considerations for suggestions on keeping ChromeDriver safe.
ChromeDriver was started successfully.
Feb 22, 2022 4:55:29 PM org.openqa.selenium.remote.ProtocolHandshake createSession
INFO: Detected dialect: W3C
Feb 22, 2022 4:55:29 PM org.openqa.selenium.devtools.CdpVersionFinder findNearestMatch
INFO: Found exact CDP implementation for version 96
]]></system-err>
  </testcase>
  <testcase name="runScenario[&quot;To chek the taxrelief amount verification for the records&quot;, &quot;Optional[Checking working class heroes tax relief]&quot;](14)" classname="cucumberOptions.TestNGTestRunner" time="10.73">
    <system-out><![CDATA[132111
TaxReliefFromGUI from method2569.00
]]></system-out>
    <system-err><![CDATA[Starting ChromeDriver 96.0.4664.45 (76e4c1bb2ab4671b8beba3444e61c0f17584b2fc-refs/branch-heads/4664@{#947}) on port 59961
Only local connections are allowed.
Please see https://chromedriver.chromium.org/security-considerations for suggestions on keeping ChromeDriver safe.
ChromeDriver was started successfully.
Feb 22, 2022 4:55:39 PM org.openqa.selenium.remote.ProtocolHandshake createSession
INFO: Detected dialect: W3C
Feb 22, 2022 4:55:39 PM org.openqa.selenium.devtools.CdpVersionFinder findNearestMatch
INFO: Found exact CDP implementation for version 96
]]></system-err>
  </testcase>
  <testcase name="runScenario[&quot;To chek the taxrelief amount verification for the records&quot;, &quot;Optional[Checking working class heroes tax relief]&quot;](15)" classname="cucumberOptions.TestNGTestRunner" time="10.86">
    <system-out><![CDATA[133111
TaxReliefFromGUI from method2569.00
]]></system-out>
    <system-err><![CDATA[Starting ChromeDriver 96.0.4664.45 (76e4c1bb2ab4671b8beba3444e61c0f17584b2fc-refs/branch-heads/4664@{#947}) on port 55493
Only local connections are allowed.
Please see https://chromedriver.chromium.org/security-considerations for suggestions on keeping ChromeDriver safe.
ChromeDriver was started successfully.
Feb 22, 2022 4:55:50 PM org.openqa.selenium.remote.ProtocolHandshake createSession
INFO: Detected dialect: W3C
Feb 22, 2022 4:55:50 PM org.openqa.selenium.devtools.CdpVersionFinder findNearestMatch
INFO: Found exact CDP implementation for version 96
]]></system-err>
  </testcase>
  <testcase name="runScenario[&quot;To chek the taxrelief amount verification for the records&quot;, &quot;Optional[Checking working class heroes tax relief]&quot;](16)" classname="cucumberOptions.TestNGTestRunner" time="12.787">
    <system-out><![CDATA[134111
TaxReliefFromGUI from method350.00
]]></system-out>
    <system-err><![CDATA[Starting ChromeDriver 96.0.4664.45 (76e4c1bb2ab4671b8beba3444e61c0f17584b2fc-refs/branch-heads/4664@{#947}) on port 54868
Only local connections are allowed.
Please see https://chromedriver.chromium.org/security-considerations for suggestions on keeping ChromeDriver safe.
ChromeDriver was started successfully.
Feb 22, 2022 4:56:03 PM org.openqa.selenium.remote.ProtocolHandshake createSession
INFO: Detected dialect: W3C
Feb 22, 2022 4:56:03 PM org.openqa.selenium.devtools.CdpVersionFinder findNearestMatch
INFO: Found exact CDP implementation for version 96
]]></system-err>
  </testcase>
  <testcase name="runScenario[&quot;To chek the taxrelief amount verification for the records&quot;, &quot;Optional[Checking working class heroes tax relief]&quot;](17)" classname="cucumberOptions.TestNGTestRunner" time="14.358">
    <system-out><![CDATA[223111
TaxReliefFromGUI from method7500.00
]]></system-out>
    <system-err><![CDATA[Starting ChromeDriver 96.0.4664.45 (76e4c1bb2ab4671b8beba3444e61c0f17584b2fc-refs/branch-heads/4664@{#947}) on port 50823
Only local connections are allowed.
Please see https://chromedriver.chromium.org/security-considerations for suggestions on keeping ChromeDriver safe.
ChromeDriver was started successfully.
Feb 22, 2022 4:56:15 PM org.openqa.selenium.remote.ProtocolHandshake createSession
INFO: Detected dialect: W3C
Feb 22, 2022 4:56:15 PM org.openqa.selenium.devtools.CdpVersionFinder findNearestMatch
INFO: Found exact CDP implementation for version 96
]]></system-err>
  </testcase>
  <testcase name="runScenario[&quot;To chek the taxrelief amount verification for the records&quot;, &quot;Optional[Checking working class heroes tax relief]&quot;](18)" classname="cucumberOptions.TestNGTestRunner" time="12.417">
    <system-out><![CDATA[224111
TaxReliefFromGUI from method7500.00
]]></system-out>
    <system-err><![CDATA[Starting ChromeDriver 96.0.4664.45 (76e4c1bb2ab4671b8beba3444e61c0f17584b2fc-refs/branch-heads/4664@{#947}) on port 50277
Only local connections are allowed.
Please see https://chromedriver.chromium.org/security-considerations for suggestions on keeping ChromeDriver safe.
ChromeDriver was started successfully.
Feb 22, 2022 4:56:29 PM org.openqa.selenium.remote.ProtocolHandshake createSession
INFO: Detected dialect: W3C
Feb 22, 2022 4:56:29 PM org.openqa.selenium.devtools.CdpVersionFinder findNearestMatch
INFO: Found exact CDP implementation for version 96
]]></system-err>
  </testcase>
  <testcase name="runScenario[&quot;To chek the taxrelief amount verification for the records&quot;, &quot;Optional[Checking working class heroes tax relief]&quot;](19)" classname="cucumberOptions.TestNGTestRunner" time="10.275">
    <system-out><![CDATA[225111
TaxReliefFromGUI from method6100.00
]]></system-out>
    <system-err><![CDATA[Starting ChromeDriver 96.0.4664.45 (76e4c1bb2ab4671b8beba3444e61c0f17584b2fc-refs/branch-heads/4664@{#947}) on port 65379
Only local connections are allowed.
Please see https://chromedriver.chromium.org/security-considerations for suggestions on keeping ChromeDriver safe.
ChromeDriver was started successfully.
Feb 22, 2022 4:56:40 PM org.openqa.selenium.remote.ProtocolHandshake createSession
INFO: Detected dialect: W3C
Feb 22, 2022 4:56:40 PM org.openqa.selenium.devtools.CdpVersionFinder findNearestMatch
INFO: Found exact CDP implementation for version 96
]]></system-err>
  </testcase>
  <testcase name="runScenario[&quot;To chek the taxrelief amount verification for the records&quot;, &quot;Optional[Checking working class heroes tax relief]&quot;](20)" classname="cucumberOptions.TestNGTestRunner" time="11.159">
    <system-out><![CDATA[226111
TaxReliefFromGUI from method6100.00
]]></system-out>
    <system-err><![CDATA[Starting ChromeDriver 96.0.4664.45 (76e4c1bb2ab4671b8beba3444e61c0f17584b2fc-refs/branch-heads/4664@{#947}) on port 52541
Only local connections are allowed.
Please see https://chromedriver.chromium.org/security-considerations for suggestions on keeping ChromeDriver safe.
ChromeDriver was started successfully.
Feb 22, 2022 4:56:51 PM org.openqa.selenium.remote.ProtocolHandshake createSession
INFO: Detected dialect: W3C
Feb 22, 2022 4:56:51 PM org.openqa.selenium.devtools.CdpVersionFinder findNearestMatch
INFO: Found exact CDP implementation for version 96
]]></system-err>
  </testcase>
  <testcase name="runScenario[&quot;To chek the taxrelief amount verification for the records&quot;, &quot;Optional[Checking working class heroes tax relief]&quot;](21)" classname="cucumberOptions.TestNGTestRunner" time="13.189">
    <system-out><![CDATA[227111
TaxReliefFromGUI from method6100.00
]]></system-out>
    <system-err><![CDATA[Starting ChromeDriver 96.0.4664.45 (76e4c1bb2ab4671b8beba3444e61c0f17584b2fc-refs/branch-heads/4664@{#947}) on port 62820
Only local connections are allowed.
Please see https://chromedriver.chromium.org/security-considerations for suggestions on keeping ChromeDriver safe.
ChromeDriver was started successfully.
Feb 22, 2022 4:57:02 PM org.openqa.selenium.remote.ProtocolHandshake createSession
INFO: Detected dialect: W3C
Feb 22, 2022 4:57:02 PM org.openqa.selenium.devtools.CdpVersionFinder findNearestMatch
INFO: Found exact CDP implementation for version 96
]]></system-err>
  </testcase>
  <testcase name="runScenario[&quot;To chek the taxrelief amount verification for the records&quot;, &quot;Optional[Checking working class heroes tax relief]&quot;](22)" classname="cucumberOptions.TestNGTestRunner" time="12.946">
    <system-out><![CDATA[228111
TaxReliefFromGUI from method4000.00
]]></system-out>
    <system-err><![CDATA[Starting ChromeDriver 96.0.4664.45 (76e4c1bb2ab4671b8beba3444e61c0f17584b2fc-refs/branch-heads/4664@{#947}) on port 61482
Only local connections are allowed.
Please see https://chromedriver.chromium.org/security-considerations for suggestions on keeping ChromeDriver safe.
ChromeDriver was started successfully.
Feb 22, 2022 4:57:16 PM org.openqa.selenium.remote.ProtocolHandshake createSession
INFO: Detected dialect: W3C
Feb 22, 2022 4:57:16 PM org.openqa.selenium.devtools.CdpVersionFinder findNearestMatch
INFO: Found exact CDP implementation for version 96
]]></system-err>
  </testcase>
  <testcase name="runScenario[&quot;To chek the taxrelief amount verification for the records&quot;, &quot;Optional[Checking working class heroes tax relief]&quot;](23)" classname="cucumberOptions.TestNGTestRunner" time="11.475">
    <system-out><![CDATA[229111
TaxReliefFromGUI from method4000.00
]]></system-out>
    <system-err><![CDATA[Starting ChromeDriver 96.0.4664.45 (76e4c1bb2ab4671b8beba3444e61c0f17584b2fc-refs/branch-heads/4664@{#947}) on port 53529
Only local connections are allowed.
Please see https://chromedriver.chromium.org/security-considerations for suggestions on keeping ChromeDriver safe.
ChromeDriver was started successfully.
Feb 22, 2022 4:57:28 PM org.openqa.selenium.remote.ProtocolHandshake createSession
INFO: Detected dialect: W3C
Feb 22, 2022 4:57:28 PM org.openqa.selenium.devtools.CdpVersionFinder findNearestMatch
INFO: Found exact CDP implementation for version 96
]]></system-err>
  </testcase>
  <testcase name="runScenario[&quot;To chek the taxrelief amount verification for the records&quot;, &quot;Optional[Checking working class heroes tax relief]&quot;](24)" classname="cucumberOptions.TestNGTestRunner" time="13.777">
    <system-out><![CDATA[230111
TaxReliefFromGUI from method4000.00
]]></system-out>
    <system-err><![CDATA[Starting ChromeDriver 96.0.4664.45 (76e4c1bb2ab4671b8beba3444e61c0f17584b2fc-refs/branch-heads/4664@{#947}) on port 50158
Only local connections are allowed.
Please see https://chromedriver.chromium.org/security-considerations for suggestions on keeping ChromeDriver safe.
ChromeDriver was started successfully.
Feb 22, 2022 4:57:40 PM org.openqa.selenium.remote.ProtocolHandshake createSession
INFO: Detected dialect: W3C
Feb 22, 2022 4:57:40 PM org.openqa.selenium.devtools.CdpVersionFinder findNearestMatch
INFO: Found exact CDP implementation for version 96
]]></system-err>
  </testcase>
  <testcase name="runScenario[&quot;To chek the taxrelief amount verification for the records&quot;, &quot;Optional[Checking working class heroes tax relief]&quot;](25)" classname="cucumberOptions.TestNGTestRunner" time="10.587">
    <system-out><![CDATA[231111
TaxReliefFromGUI from method3069.00
]]></system-out>
    <system-err><![CDATA[Starting ChromeDriver 96.0.4664.45 (76e4c1bb2ab4671b8beba3444e61c0f17584b2fc-refs/branch-heads/4664@{#947}) on port 51571
Only local connections are allowed.
Please see https://chromedriver.chromium.org/security-considerations for suggestions on keeping ChromeDriver safe.
ChromeDriver was started successfully.
Feb 22, 2022 4:57:53 PM org.openqa.selenium.remote.ProtocolHandshake createSession
INFO: Detected dialect: W3C
Feb 22, 2022 4:57:53 PM org.openqa.selenium.devtools.CdpVersionFinder findNearestMatch
INFO: Found exact CDP implementation for version 96
]]></system-err>
  </testcase>
  <testcase name="runScenario[&quot;To chek the taxrelief amount verification for the records&quot;, &quot;Optional[Checking working class heroes tax relief]&quot;](26)" classname="cucumberOptions.TestNGTestRunner" time="9.872">
    <system-out><![CDATA[232111
TaxReliefFromGUI from method3069.00
]]></system-out>
    <system-err><![CDATA[Starting ChromeDriver 96.0.4664.45 (76e4c1bb2ab4671b8beba3444e61c0f17584b2fc-refs/branch-heads/4664@{#947}) on port 50738
Only local connections are allowed.
Please see https://chromedriver.chromium.org/security-considerations for suggestions on keeping ChromeDriver safe.
ChromeDriver was started successfully.
Feb 22, 2022 4:58:03 PM org.openqa.selenium.remote.ProtocolHandshake createSession
INFO: Detected dialect: W3C
Feb 22, 2022 4:58:03 PM org.openqa.selenium.devtools.CdpVersionFinder findNearestMatch
INFO: Found exact CDP implementation for version 96
]]></system-err>
  </testcase>
  <testcase name="runScenario[&quot;To chek the taxrelief amount verification for the records&quot;, &quot;Optional[Checking working class heroes tax relief]&quot;](27)" classname="cucumberOptions.TestNGTestRunner" time="9.947">
    <system-out><![CDATA[233111
TaxReliefFromGUI from method3069.00
]]></system-out>
    <system-err><![CDATA[Starting ChromeDriver 96.0.4664.45 (76e4c1bb2ab4671b8beba3444e61c0f17584b2fc-refs/branch-heads/4664@{#947}) on port 49821
Only local connections are allowed.
Please see https://chromedriver.chromium.org/security-considerations for suggestions on keeping ChromeDriver safe.
ChromeDriver was started successfully.
Feb 22, 2022 4:58:13 PM org.openqa.selenium.remote.ProtocolHandshake createSession
INFO: Detected dialect: W3C
Feb 22, 2022 4:58:13 PM org.openqa.selenium.devtools.CdpVersionFinder findNearestMatch
INFO: Found exact CDP implementation for version 96
]]></system-err>
  </testcase>
  <testcase name="runScenario[&quot;To chek the taxrelief amount verification for the records&quot;, &quot;Optional[Checking working class heroes tax relief]&quot;](28)" classname="cucumberOptions.TestNGTestRunner" time="13.415">
    <system-out><![CDATA[234111
TaxReliefFromGUI from method850.00
]]></system-out>
    <system-err><![CDATA[Starting ChromeDriver 96.0.4664.45 (76e4c1bb2ab4671b8beba3444e61c0f17584b2fc-refs/branch-heads/4664@{#947}) on port 60885
Only local connections are allowed.
Please see https://chromedriver.chromium.org/security-considerations for suggestions on keeping ChromeDriver safe.
ChromeDriver was started successfully.
Feb 22, 2022 4:58:24 PM org.openqa.selenium.remote.ProtocolHandshake createSession
INFO: Detected dialect: W3C
Feb 22, 2022 4:58:24 PM org.openqa.selenium.devtools.CdpVersionFinder findNearestMatch
INFO: Found exact CDP implementation for version 96
]]></system-err>
  </testcase>
  <testcase name="runScenario[&quot;To check the Tax amount displayed is correct&quot;, &quot;Optional[Checking working class heroes tax relief]&quot;](29)" classname="cucumberOptions.TestNGTestRunner" time="14.738">
    <system-out><![CDATA[Amount from  GetTaxAmountFromText()77316934.00
49000.0
147000.0
196000.0
5295510.0
1.039502E7
1.549453E7
1.550153E7
1.550853E7
1.551413E7
1.551973E7
1.552533E7
1.552883E7
1.553233E7
1.553583E7
1.5538399E7
1.5540968E7
1.5543537E7
1.5543887E7
1.5551387E7
1.5558887E7
1.5564987E7
1.5571087E7
1.5577187E7
1.5581187E7
1.5585187E7
1.5589187E7
1.5592256E7
1.5595325E7
1.5598394E7
1.5599244E7
1.5606244E7
1.5613244E7
1.5618844E7
1.5624444E7
1.5630044E7
1.5633544E7
1.5637044E7
1.5640544E7
1.5643113E7
1.5645682E7
1.5648251E7
1.5648601E7
1.5656101E7
1.5663601E7
1.5669701E7
1.5675801E7
1.5681901E7
1.5685901E7
1.5689901E7
1.5693901E7
1.569697E7
1.5700039E7
1.5703108E7
1.5703958E7
1.5710958E7
1.5717958E7
1.5723558E7
1.5729158E7
1.5734758E7
1.5738258E7
1.5741758E7
1.5745258E7
1.5747827E7
1.5750396E7
1.5752965E7
1.5753315E7
1.5760815E7
1.5768315E7
1.5774415E7
1.5780515E7
1.5786615E7
1.5790615E7
1.5794615E7
1.5798615E7
1.5801684E7
1.5804753E7
1.5807822E7
1.5808672E7
2.0908182E7
2.6007692E7
3.1107202E7
3.6206712E7
4.1306222E7
4.6405732E7
5.1505242E7
5.6604752E7
6.1704262E7
6.1711262E7
6.1718262E7
6.1723862E7
6.1729462E7
6.1735062E7
6.1738562E7
6.1742062E7
6.1745562E7
6.1748131E7
6.17507E7
6.1753269E7
6.1753619E7
6.1761119E7
6.1768619E7
6.1774719E7
6.1780819E7
6.1786919E7
6.1790919E7
6.1794919E7
6.1798919E7
6.1801988E7
6.1805057E7
6.1808126E7
6.1808976E7
6.6908486E7
7.2007996E7
7.7107506E7
7.7114506E7
7.7121506E7
7.7127106E7
7.7132706E7
7.7138306E7
7.7141806E7
7.7145306E7
7.7148806E7
7.7151375E7
7.7153944E7
7.7156513E7
7.7156863E7
7.7164363E7
7.7171863E7
7.7177963E7
7.7184063E7
7.7190163E7
7.7194163E7
7.7198163E7
7.7202163E7
7.7205232E7
7.7208301E7
7.721137E7
7.721222E7
7.721922E7
7.722622E7
7.723182E7
7.723742E7
7.724302E7
7.724652E7
7.725002E7
7.725352E7
7.7256089E7
7.7258658E7
7.7261227E7
7.7261577E7
7.7269077E7
7.7276577E7
7.7282677E7
7.7288777E7
7.7294877E7
7.7298877E7
7.7302877E7
7.7306877E7
7.7309946E7
7.7313015E7
7.7316084E7
7.7316934E7
]]></system-out>
    <system-err><![CDATA[Starting ChromeDriver 96.0.4664.45 (76e4c1bb2ab4671b8beba3444e61c0f17584b2fc-refs/branch-heads/4664@{#947}) on port 64413
Only local connections are allowed.
Please see https://chromedriver.chromium.org/security-considerations for suggestions on keeping ChromeDriver safe.
ChromeDriver was started successfully.
Feb 22, 2022 4:58:37 PM org.openqa.selenium.remote.ProtocolHandshake createSession
INFO: Detected dialect: W3C
Feb 22, 2022 4:58:37 PM org.openqa.selenium.devtools.CdpVersionFinder findNearestMatch
INFO: Found exact CDP implementation for version 96
]]></system-err>
  </testcase>
</testsuite>